mode: set
github.com/ovcharovvladimir/essentiaHybrid/params/version.go:31.29,33.2 1 1
github.com/ovcharovvladimir/essentiaHybrid/params/version.go:36.37,38.23 2 1
github.com/ovcharovvladimir/essentiaHybrid/params/version.go:41.2,41.10 1 1
github.com/ovcharovvladimir/essentiaHybrid/params/version.go:38.23,40.3 1 1
github.com/ovcharovvladimir/essentiaHybrid/params/version.go:47.46,49.29 2 0
github.com/ovcharovvladimir/essentiaHybrid/params/version.go:52.2,52.25 1 0
github.com/ovcharovvladimir/essentiaHybrid/params/version.go:55.2,55.12 1 0
github.com/ovcharovvladimir/essentiaHybrid/params/version.go:49.29,51.3 1 0
github.com/ovcharovvladimir/essentiaHybrid/params/version.go:52.25,54.3 1 0
github.com/ovcharovvladimir/essentiaHybrid/params/version.go:58.49,60.25 2 0
github.com/ovcharovvladimir/essentiaHybrid/params/version.go:63.2,63.12 1 0
github.com/ovcharovvladimir/essentiaHybrid/params/version.go:60.25,62.3 1 0
github.com/ovcharovvladimir/essentiaHybrid/params/config.go:131.40,133.2 1 0
github.com/ovcharovvladimir/essentiaHybrid/params/config.go:142.40,144.2 1 0
github.com/ovcharovvladimir/essentiaHybrid/params/config.go:147.39,149.9 2 0
github.com/ovcharovvladimir/essentiaHybrid/params/config.go:157.2,168.3 1 0
github.com/ovcharovvladimir/essentiaHybrid/params/config.go:150.23,151.20 1 0
github.com/ovcharovvladimir/essentiaHybrid/params/config.go:152.23,153.20 1 0
github.com/ovcharovvladimir/essentiaHybrid/params/config.go:154.10,155.21 1 0
github.com/ovcharovvladimir/essentiaHybrid/params/config.go:172.54,174.2 1 1
github.com/ovcharovvladimir/essentiaHybrid/params/config.go:177.52,179.2 1 1
github.com/ovcharovvladimir/essentiaHybrid/params/config.go:182.51,184.2 1 1
github.com/ovcharovvladimir/essentiaHybrid/params/config.go:187.51,189.2 1 1
github.com/ovcharovvladimir/essentiaHybrid/params/config.go:192.51,194.2 1 1
github.com/ovcharovvladimir/essentiaHybrid/params/config.go:197.54,199.2 1 1
github.com/ovcharovvladimir/essentiaHybrid/params/config.go:202.59,204.2 1 0
github.com/ovcharovvladimir/essentiaHybrid/params/config.go:209.55,210.16 1 0
github.com/ovcharovvladimir/essentiaHybrid/params/config.go:213.2,213.9 1 0
github.com/ovcharovvladimir/essentiaHybrid/params/config.go:210.16,212.3 1 0
github.com/ovcharovvladimir/essentiaHybrid/params/config.go:214.31,215.32 1 0
github.com/ovcharovvladimir/essentiaHybrid/params/config.go:216.23,217.24 1 0
github.com/ovcharovvladimir/essentiaHybrid/params/config.go:218.23,219.24 1 0
github.com/ovcharovvladimir/essentiaHybrid/params/config.go:220.10,221.27 1 0
github.com/ovcharovvladimir/essentiaHybrid/params/config.go:227.94,232.6 3 1
github.com/ovcharovvladimir/essentiaHybrid/params/config.go:240.2,240.16 1 1
github.com/ovcharovvladimir/essentiaHybrid/params/config.go:232.6,234.73 2 1
github.com/ovcharovvladimir/essentiaHybrid/params/config.go:237.3,238.32 2 1
github.com/ovcharovvladimir/essentiaHybrid/params/config.go:234.73,235.9 1 1
github.com/ovcharovvladimir/essentiaHybrid/params/config.go:243.94,244.71 1 1
github.com/ovcharovvladimir/essentiaHybrid/params/config.go:247.2,247.67 1 1
github.com/ovcharovvladimir/essentiaHybrid/params/config.go:250.2,250.68 1 1
github.com/ovcharovvladimir/essentiaHybrid/params/config.go:253.2,253.65 1 1
github.com/ovcharovvladimir/essentiaHybrid/params/config.go:256.2,256.65 1 1
github.com/ovcharovvladimir/essentiaHybrid/params/config.go:259.2,259.65 1 1
github.com/ovcharovvladimir/essentiaHybrid/params/config.go:262.2,262.68 1 1
github.com/ovcharovvladimir/essentiaHybrid/params/config.go:265.2,265.71 1 1
github.com/ovcharovvladimir/essentiaHybrid/params/config.go:268.2,268.81 1 1
github.com/ovcharovvladimir/essentiaHybrid/params/config.go:271.2,271.12 1 1
github.com/ovcharovvladimir/essentiaHybrid/params/config.go:244.71,246.3 1 1
github.com/ovcharovvladimir/essentiaHybrid/params/config.go:247.67,249.3 1 0
github.com/ovcharovvladimir/essentiaHybrid/params/config.go:250.68,252.3 1 0
github.com/ovcharovvladimir/essentiaHybrid/params/config.go:253.65,255.3 1 1
github.com/ovcharovvladimir/essentiaHybrid/params/config.go:256.65,258.3 1 0
github.com/ovcharovvladimir/essentiaHybrid/params/config.go:259.65,261.3 1 0
github.com/ovcharovvladimir/essentiaHybrid/params/config.go:262.68,264.3 1 0
github.com/ovcharovvladimir/essentiaHybrid/params/config.go:265.71,267.3 1 0
github.com/ovcharovvladimir/essentiaHybrid/params/config.go:268.81,270.3 1 0
github.com/ovcharovvladimir/essentiaHybrid/params/config.go:276.53,278.2 1 1
github.com/ovcharovvladimir/essentiaHybrid/params/config.go:281.38,282.29 1 1
github.com/ovcharovvladimir/essentiaHybrid/params/config.go:285.2,285.25 1 1
github.com/ovcharovvladimir/essentiaHybrid/params/config.go:282.29,284.3 1 1
github.com/ovcharovvladimir/essentiaHybrid/params/config.go:288.41,289.14 1 1
github.com/ovcharovvladimir/essentiaHybrid/params/config.go:292.2,292.14 1 1
github.com/ovcharovvladimir/essentiaHybrid/params/config.go:295.2,295.22 1 1
github.com/ovcharovvladimir/essentiaHybrid/params/config.go:289.14,291.3 1 0
github.com/ovcharovvladimir/essentiaHybrid/params/config.go:292.14,294.3 1 1
github.com/ovcharovvladimir/essentiaHybrid/params/config.go:308.85,310.9 2 1
github.com/ovcharovvladimir/essentiaHybrid/params/config.go:318.2,319.34 2 1
github.com/ovcharovvladimir/essentiaHybrid/params/config.go:322.2,322.12 1 1
github.com/ovcharovvladimir/essentiaHybrid/params/config.go:311.26,312.17 1 0
github.com/ovcharovvladimir/essentiaHybrid/params/config.go:313.56,314.20 1 1
github.com/ovcharovvladimir/essentiaHybrid/params/config.go:315.10,316.17 1 1
github.com/ovcharovvladimir/essentiaHybrid/params/config.go:319.34,321.3 1 1
github.com/ovcharovvladimir/essentiaHybrid/params/config.go:325.46,327.2 1 0
github.com/ovcharovvladimir/essentiaHybrid/params/config.go:341.49,343.20 2 1
github.com/ovcharovvladimir/essentiaHybrid/params/config.go:346.2,346.197 1 1
github.com/ovcharovvladimir/essentiaHybrid/params/config.go:343.20,345.3 1 0
github.com/ovcharovvladimir/essentiaHybrid/params/dao.go:39.38,158.2 1 0
